<?xml version="1.0" encoding="UTF-8"?>
<!-- Generated by org.testng.reporters.JUnitReportReporter -->
<testsuite skipped="0" hostname="DESKTOP-LFLVMEF" name="TestCases.ToggleAllChecked" tests="2" failures="0" timestamp="2022-03-23T02:02:14 CDT" time="20.283" errors="0">
  <testcase name="addList" time="13.648" classname="TestCases.ToggleAllChecked"/>
  <system-out/>
  <testcase name="testToggleAllButton" time="6.635" classname="TestCases.ToggleAllChecked"/>
  <system-out/>
</testsuite> <!-- TestCases.ToggleAllChecked -->
