<?xml version="1.0" encoding="UTF-8"?>
<!-- Generated by org.testng.reporters.JUnitReportReporter -->
<testsuite skipped="0" hostname="DESKTOP-LFLVMEF" name="TestCases.ToggleAllRemoveButton" tests="2" failures="0" timestamp="2022-03-23T02:05:09 CDT" time="19.953" errors="0">
  <testcase name="addList" time="12.280" classname="TestCases.ToggleAllRemoveButton"/>
  <system-out/>
  <testcase name="removeAllToggleAll" time="7.673" classname="TestCases.ToggleAllRemoveButton"/>
  <system-out/>
</testsuite> <!-- TestCases.ToggleAllRemoveButton -->
